\BOOKMARK [1][-]{section.1}{\376\377\000I\000n\000t\000r\000o\000d\000u\000c\000t\000i\000o\000n}{}% 1
\BOOKMARK [1][-]{section.2}{\376\377\000G\000U\000I\000\040\000D\000e\000v\000e\000l\000o\000p\000m\000e\000n\000t\000,\000\040\000D\000e\000m\000o\000g\000r\000a\000p\000h\000i\000c\000s\000,\000\040\000a\000n\000d\000\040\000P\000e\000r\000s\000o\000n\000a\000s}{}% 2
\BOOKMARK [2][-]{subsection.2.1}{\376\377\000G\000r\000a\000p\000h\000i\000c\000a\000l\000\040\000U\000s\000e\000r\000\040\000I\000n\000t\000e\000r\000f\000a\000c\000e\000\040\000D\000e\000v\000e\000l\000o\000p\000m\000e\000n\000t}{section.2}% 3
\BOOKMARK [2][-]{subsection.2.2}{\376\377\000U\000s\000e\000r\000\040\000D\000e\000m\000o\000g\000r\000a\000p\000h\000i\000c\000s\000\040\000v\000s\000.\000\040\000P\000e\000r\000s\000o\000n\000a\000s}{section.2}% 4
\BOOKMARK [1][-]{section.3}{\376\377\000P\000o\000p\000u\000l\000a\000t\000i\000o\000n\000-\000L\000e\000v\000e\000l\000\040\000A\000d\000a\000p\000t\000a\000t\000i\000o\000n}{}% 5
\BOOKMARK [2][-]{subsection.3.1}{\376\377\000W\000h\000a\000t\000\040\000i\000s\000\040\000P\000o\000p\000u\000l\000a\000t\000i\000o\000n\000-\000L\000e\000v\000e\000l\000\040\000A\000d\000a\000p\000t\000a\000t\000i\000o\000n\000?}{section.3}% 6
\BOOKMARK [2][-]{subsection.3.2}{\376\377\000A\000r\000c\000h\000i\000t\000e\000c\000t\000u\000r\000a\000l\000\040\000D\000e\000c\000i\000s\000i\000o\000n\000s\000:\000\040\000M\000o\000d\000u\000l\000a\000r\000i\000t\000y\000\040\000a\000n\000d\000\040\000C\000o\000n\000f\000i\000g\000u\000r\000a\000b\000i\000l\000i\000t\000y}{section.3}% 7
\BOOKMARK [2][-]{subsection.3.3}{\376\377\000C\000o\000u\000n\000t\000r\000y\000-\000\040\000a\000n\000d\000\040\000R\000e\000g\000i\000o\000n\000-\000S\000p\000e\000c\000i\000f\000i\000c\000\040\000R\000e\000q\000u\000i\000r\000e\000m\000e\000n\000t\000s}{section.3}% 8
\BOOKMARK [2][-]{subsection.3.4}{\376\377\000A\000c\000c\000e\000s\000s\000i\000b\000i\000l\000i\000t\000y\000\040\000a\000s\000\040\000a\000\040\000B\000a\000s\000e\000l\000i\000n\000e\000\040\000S\000y\000s\000t\000e\000m\000\040\000C\000a\000p\000a\000b\000i\000l\000i\000t\000y}{section.3}% 9
\BOOKMARK [2][-]{subsection.3.5}{\376\377\000K\000e\000y\000\040\000A\000g\000e\000-\000R\000e\000l\000a\000t\000e\000d\000\040\000A\000s\000p\000e\000c\000t\000s\000\040\000A\000f\000f\000e\000c\000t\000i\000n\000g\000\040\000G\000U\000I\000\040\000D\000e\000v\000e\000l\000o\000p\000m\000e\000n\000t}{section.3}% 10
\BOOKMARK [3][-]{subsubsection.3.5.1}{\376\377\000M\000e\000m\000o\000r\000y\000\040\000\050\000W\000o\000r\000k\000i\000n\000g\000\040\000a\000n\000d\000\040\000L\000o\000n\000g\000-\000T\000e\000r\000m\000\040\000M\000e\000m\000o\000r\000y\000\051}{subsection.3.5}% 11
\BOOKMARK [3][-]{subsubsection.3.5.2}{\376\377\000C\000o\000g\000n\000i\000t\000i\000v\000e\000\040\000P\000r\000o\000c\000e\000s\000s\000i\000n\000g\000\040\000S\000p\000e\000e\000d}{subsection.3.5}% 12
\BOOKMARK [3][-]{subsubsection.3.5.3}{\376\377\000A\000t\000t\000e\000n\000t\000i\000o\000n\000\040\000a\000n\000d\000\040\000E\000x\000e\000c\000u\000t\000i\000v\000e\000\040\000C\000o\000n\000t\000r\000o\000l}{subsection.3.5}% 13
\BOOKMARK [3][-]{subsubsection.3.5.4}{\376\377\000M\000o\000t\000o\000r\000\040\000A\000b\000i\000l\000i\000t\000i\000e\000s}{subsection.3.5}% 14
\BOOKMARK [3][-]{subsubsection.3.5.5}{\376\377\000P\000e\000r\000c\000e\000p\000t\000u\000a\000l\000\040\000A\000b\000i\000l\000i\000t\000i\000e\000s\000\040\000\050\000V\000i\000s\000i\000o\000n\000\040\000a\000n\000d\000\040\000H\000e\000a\000r\000i\000n\000g\000\051}{subsection.3.5}% 15
\BOOKMARK [3][-]{subsubsection.3.5.6}{\376\377\000L\000e\000a\000r\000n\000i\000n\000g\000\040\000A\000b\000i\000l\000i\000t\000y\000\040\000a\000n\000d\000\040\000E\000x\000p\000e\000r\000i\000e\000n\000c\000e}{subsection.3.5}% 16
\BOOKMARK [3][-]{subsubsection.3.5.7}{\376\377\000E\000r\000r\000o\000r\000\040\000H\000a\000n\000d\000l\000i\000n\000g\000\040\000a\000n\000d\000\040\000R\000i\000s\000k\000\040\000T\000o\000l\000e\000r\000a\000n\000c\000e}{subsection.3.5}% 17
\BOOKMARK [3][-]{subsubsection.3.5.8}{\376\377\000C\000u\000l\000t\000u\000r\000a\000l\000\040\000D\000i\000f\000f\000e\000r\000e\000n\000c\000e\000s\000\040\000i\000n\000\040\000I\000n\000t\000e\000r\000a\000c\000t\000i\000o\000n\000\040\000D\000e\000s\000i\000g\000n}{subsection.3.5}% 18
\BOOKMARK [2][-]{subsection.3.6}{\376\377\000C\000u\000l\000t\000u\000r\000a\000l\000\040\000I\000n\000f\000l\000u\000e\000n\000c\000e\000s\000\040\000o\000n\000\040\000G\000U\000I\000\040\000D\000e\000v\000e\000l\000o\000p\000m\000e\000n\000t}{section.3}% 19
\BOOKMARK [3][-]{subsubsection.3.6.1}{\376\377\000M\000e\000n\000t\000a\000l\000\040\000M\000o\000d\000e\000l\000s\000\040\000a\000n\000d\000\040\000U\000s\000e\000r\000\040\000E\000x\000p\000e\000c\000t\000a\000t\000i\000o\000n\000s}{subsection.3.6}% 20
\BOOKMARK [3][-]{subsubsection.3.6.2}{\376\377\000I\000n\000f\000o\000r\000m\000a\000t\000i\000o\000n\000\040\000D\000e\000n\000s\000i\000t\000y\000\040\000a\000n\000d\000\040\000S\000t\000r\000u\000c\000t\000u\000r\000a\000l\000\040\000P\000r\000e\000f\000e\000r\000e\000n\000c\000e}{subsection.3.6}% 21
\BOOKMARK [3][-]{subsubsection.3.6.3}{\376\377\000N\000a\000v\000i\000g\000a\000t\000i\000o\000n\000\040\000L\000o\000g\000i\000c}{subsection.3.6}% 22
\BOOKMARK [3][-]{subsubsection.3.6.4}{\376\377\000E\000r\000r\000o\000r\000\040\000H\000a\000n\000d\000l\000i\000n\000g\000\040\000a\000n\000d\000\040\000F\000e\000e\000d\000b\000a\000c\000k\000\040\000S\000t\000y\000l\000e}{subsection.3.6}% 23
\BOOKMARK [3][-]{subsubsection.3.6.5}{\376\377\000A\000u\000t\000h\000o\000r\000i\000t\000y\000\040\000a\000n\000d\000\040\000C\000o\000n\000t\000r\000o\000l\000\040\000\050\000P\000o\000w\000e\000r\000\040\000D\000i\000s\000t\000a\000n\000c\000e\000\051}{subsection.3.6}% 24
\BOOKMARK [3][-]{subsubsection.3.6.6}{\376\377\000T\000i\000m\000e\000\040\000O\000r\000i\000e\000n\000t\000a\000t\000i\000o\000n}{subsection.3.6}% 25
\BOOKMARK [3][-]{subsubsection.3.6.7}{\376\377\000L\000a\000n\000g\000u\000a\000g\000e\000\040\000S\000t\000r\000u\000c\000t\000u\000r\000e\000\040\000E\000f\000f\000e\000c\000t\000s\000\040\000B\000e\000y\000o\000n\000d\000\040\000T\000r\000a\000n\000s\000l\000a\000t\000i\000o\000n}{subsection.3.6}% 26
\BOOKMARK [3][-]{subsubsection.3.6.8}{\376\377\000P\000r\000i\000v\000a\000c\000y\000\040\000a\000n\000d\000\040\000D\000a\000t\000a\000\040\000S\000e\000n\000s\000i\000t\000i\000v\000i\000t\000y\000\040\000N\000o\000r\000m\000s}{subsection.3.6}% 27
\BOOKMARK [3][-]{subsubsection.3.6.9}{\376\377\000D\000i\000s\000a\000b\000i\000l\000i\000t\000y\000\040\000a\000n\000d\000\040\000A\000c\000c\000e\000s\000s\000i\000b\000i\000l\000i\000t\000y\000\040\000a\000t\000\040\000t\000h\000e\000\040\000I\000n\000d\000i\000v\000i\000d\000u\000a\000l\000\040\000L\000e\000v\000e\000l}{subsection.3.6}% 28
\BOOKMARK [2][-]{subsection.3.7}{\376\377\000D\000i\000s\000a\000b\000i\000l\000i\000t\000i\000e\000s\000\040\000a\000n\000d\000\040\000A\000c\000c\000e\000s\000s\000i\000b\000i\000l\000i\000t\000y\000\040\000N\000e\000e\000d\000s}{section.3}% 29
\BOOKMARK [2][-]{subsection.3.8}{\376\377\000S\000c\000a\000l\000a\000b\000l\000e\000\040\000L\000a\000y\000o\000u\000t\000s\000\040\000a\000n\000d\000\040\000T\000e\000x\000t\000\040\000f\000o\000r\000\040\000D\000i\000v\000e\000r\000s\000e\000\040\000U\000s\000e\000r\000\040\000C\000a\000p\000a\000b\000i\000l\000i\000t\000i\000e\000s}{section.3}% 30
\BOOKMARK [2][-]{subsection.3.9}{\376\377\000P\000l\000a\000t\000f\000o\000r\000m\000\040\000a\000n\000d\000\040\000T\000e\000c\000h\000n\000o\000l\000o\000g\000y\000\040\000C\000h\000o\000i\000c\000e\000s}{section.3}% 31
\BOOKMARK [1][-]{section.4}{\376\377\000I\000n\000d\000i\000v\000i\000d\000u\000a\000l\000-\000L\000e\000v\000e\000l\000\040\000A\000d\000a\000p\000t\000a\000t\000i\000o\000n}{}% 32
\BOOKMARK [2][-]{subsection.4.1}{\376\377\000W\000h\000a\000t\000\040\000i\000s\000\040\000I\000n\000d\000i\000v\000i\000d\000u\000a\000l\000-\000L\000e\000v\000e\000l\000\040\000A\000d\000a\000p\000t\000a\000t\000i\000o\000n\000?}{section.4}% 33
\BOOKMARK [2][-]{subsection.4.2}{\376\377\000W\000h\000e\000n\000\040\000t\000o\000\040\000u\000s\000e\000\040\000C\000u\000s\000t\000o\000m\000i\000z\000a\000t\000i\000o\000n\000?}{section.4}% 34
\BOOKMARK [2][-]{subsection.4.3}{\376\377\000P\000e\000r\000s\000o\000n\000a\000l\000i\000z\000a\000t\000i\000o\000n}{section.4}% 35
\BOOKMARK [2][-]{subsection.4.4}{\376\377\000R\000e\000c\000o\000m\000m\000e\000n\000d\000e\000r\000\040\000S\000y\000s\000t\000e\000m\000s}{section.4}% 36
\BOOKMARK [1][-]{section.5}{\376\377\000P\000r\000o\000c\000e\000s\000s\000\040\000a\000n\000d\000\040\000V\000a\000l\000i\000d\000a\000t\000i\000o\000n\000\040\000I\000n\000f\000l\000u\000e\000n\000c\000e}{}% 37
\BOOKMARK [2][-]{subsection.5.1}{\376\377\000P\000e\000r\000s\000o\000n\000a\000-\000I\000n\000f\000o\000r\000m\000e\000d\000\040\000D\000e\000s\000i\000g\000n\000\040\000P\000r\000o\000c\000e\000s\000s\000e\000s}{section.5}% 38
\BOOKMARK [2][-]{subsection.5.2}{\376\377\000V\000a\000l\000i\000d\000a\000t\000i\000o\000n\000\040\000a\000n\000d\000\040\000E\000v\000a\000l\000u\000a\000t\000i\000o\000n\000\040\000M\000e\000t\000h\000o\000d\000s}{section.5}% 39
\BOOKMARK [2][-]{subsection.5.3}{\376\377\000A\000d\000a\000p\000t\000a\000t\000i\000o\000n\000\040\000C\000h\000a\000l\000l\000e\000n\000g\000e\000s}{section.5}% 40
\BOOKMARK [1][-]{section.6}{\376\377\000I\000m\000p\000a\000c\000t\000\040\000o\000f\000\040\000A\000r\000t\000i\000f\000i\000c\000i\000a\000l\000\040\000I\000n\000t\000e\000l\000l\000i\000g\000e\000n\000c\000e\000\040\000i\000n\000\040\000G\000U\000I\000\040\000D\000e\000v\000e\000l\000o\000p\000m\000e\000n\000t}{}% 41
\BOOKMARK [2][-]{subsection.6.1}{\376\377\000A\000I\000-\000A\000s\000s\000i\000s\000t\000e\000d\000\040\000D\000e\000v\000e\000l\000o\000p\000m\000e\000n\000t\000\040\000f\000o\000r\000\040\000P\000e\000r\000s\000o\000n\000a\000-\000\040\000a\000n\000d\000\040\000D\000e\000m\000o\000g\000r\000a\000p\000h\000i\000c\000-\000A\000w\000a\000r\000e\000\040\000G\000U\000I\000s}{section.6}% 42
\BOOKMARK [2][-]{subsection.6.2}{\376\377\000V\000i\000b\000e\000\040\000C\000o\000d\000i\000n\000g\000\040\000a\000n\000d\000\040\000t\000h\000e\000\040\000R\000o\000l\000e\000\040\000o\000f\000\040\000P\000e\000r\000s\000o\000n\000a\000s\000\040\000a\000n\000d\000\040\000D\000e\000m\000o\000g\000r\000a\000p\000h\000i\000c\000s}{section.6}% 43
\BOOKMARK [2][-]{subsection.6.3}{\376\377\000L\000i\000m\000i\000t\000a\000t\000i\000o\000n\000s\000\040\000o\000f\000\040\000A\000I\000\040\000f\000o\000r\000\040\000P\000e\000r\000s\000o\000n\000a\000-\000\040\000a\000n\000d\000\040\000D\000e\000m\000o\000g\000r\000a\000p\000h\000i\000c\000-\000S\000e\000n\000s\000i\000t\000i\000v\000e\000\040\000G\000U\000I\000s}{section.6}% 44
\BOOKMARK [1][-]{section.7}{\376\377\000C\000o\000n\000c\000l\000u\000s\000i\000o\000n}{}% 45
\BOOKMARK [1][-]{section*.2}{\376\377\000R\000e\000f\000e\000r\000e\000n\000c\000e\000s}{}% 46
